-------------------------------------------------------------------------------
Test set: com.hotel.booking.HotelBooking.HotelBookingApplicationTests
-------------------------------------------------------------------------------
Tests run: 1, Failures: 0, Errors: 1, Skipped: 0, Time elapsed: 0.493 s <<< FAILURE! - in com.hotel.booking.HotelBooking.HotelBookingApplicationTests
com.hotel.booking.HotelBooking.HotelBookingApplicationTests  Time elapsed: 0.493 s  <<< ERROR!
java.lang.IllegalStateException: Unable to find a @SpringBootConfiguration, you need to use @ContextConfiguration or @SpringBootTest(classes=...) with your test

